{"/Users/ronny/gitlab/hilderonny/cloudcore/install.js": {"path":"/Users/ronny/gitlab/hilderonny/cloudcore/install.js","statementMap":{"0":{"start":{"line":1,"column":9},"end":{"line":1,"column":22}},"1":{"start":{"line":2,"column":9},"end":{"line":2,"column":22}},"2":{"start":{"line":5,"column":0},"end":{"line":39,"column":2}},"3":{"start":{"line":6,"column":4},"end":{"line":37,"column":5}},"4":{"start":{"line":7,"column":21},"end":{"line":7,"column":76}},"5":{"start":{"line":9,"column":21},"end":{"line":15,"column":10}},"6":{"start":{"line":16,"column":8},"end":{"line":16,"column":31}},"7":{"start":{"line":19,"column":8},"end":{"line":19,"column":74}},"8":{"start":{"line":22,"column":8},"end":{"line":22,"column":116}},"9":{"start":{"line":23,"column":8},"end":{"line":23,"column":123}},"10":{"start":{"line":24,"column":8},"end":{"line":24,"column":121}},"11":{"start":{"line":25,"column":8},"end":{"line":25,"column":94}},"12":{"start":{"line":26,"column":8},"end":{"line":26,"column":87}},"13":{"start":{"line":27,"column":8},"end":{"line":27,"column":98}},"14":{"start":{"line":28,"column":8},"end":{"line":28,"column":99}},"15":{"start":{"line":29,"column":8},"end":{"line":29,"column":99}},"16":{"start":{"line":30,"column":8},"end":{"line":30,"column":97}},"17":{"start":{"line":31,"column":8},"end":{"line":31,"column":97}},"18":{"start":{"line":32,"column":8},"end":{"line":32,"column":97}},"19":{"start":{"line":34,"column":8},"end":{"line":34,"column":27}},"20":{"start":{"line":36,"column":8},"end":{"line":36,"column":24}},"21":{"start":{"line":38,"column":4},"end":{"line":38,"column":27}}},"fnMap":{"0":{"name":"(anonymous_0)","decl":{"start":{"line":5,"column":17},"end":{"line":5,"column":18}},"loc":{"start":{"line":5,"column":29},"end":{"line":39,"column":1}},"line":5}},"branchMap":{},"s":{"0":1,"1":1,"2":1,"3":1,"4":1,"5":1,"6":1,"7":1,"8":1,"9":1,"10":1,"11":1,"12":1,"13":1,"14":1,"15":1,"16":1,"17":1,"18":1,"19":1,"20":0,"21":1},"f":{"0":1},"b":{},"_coverageSchema":"1a1c01bbd47fc00a2c39e90264f33305004495a9","hash":"2ad24c3c172f4a4dda94b67a9abe3f8c64e65d84"}
}
